#
# There is insufficient memory for the Java Runtime Environment to continue.
# Native memory allocation (mmap) failed to map 95420416 bytes for committing reserved memory.
# Possible reasons:
#   The system is out of physical RAM or swap space
#   In 32 bit mode, the process size limit was hit
# Possible solutions:
#   Reduce memory load on the system
#   Increase physical memory or swap space
#   Check if swap backing store is full
#   Use 64 bit Java on a 64 bit OS
#   Decrease Java heap size (-Xmx/-Xms)
#   Decrease number of Java threads
#   Decrease Java thread stack sizes (-Xss)
#   Set larger code cache with -XX:ReservedCodeCacheSize=
# This output file may be truncated or incomplete.
#
#  Out of Memory Error (os_linux.cpp:2671), pid=17955, tid=139694268462848
#
# JRE version: Java(TM) SE Runtime Environment (8.0_20-b26) (build 1.8.0_20-b26)
# Java VM: Java HotSpot(TM) 64-Bit Server VM (25.20-b23 mixed mode linux-amd64 compressed oops)
# Failed to write core dump. Core dumps have been disabled. To enable core dumping, try "ulimit -c unlimited" before starting Java again
#

---------------  T H R E A D  ---------------

Current thread (0x00007f0d2c13a800):  VMThread [stack: 0x00007f0d1b2fb000,0x00007f0d1b3fc000] [id=17964]

Stack: [0x00007f0d1b2fb000,0x00007f0d1b3fc000],  sp=0x00007f0d1b3f9f70,  free space=1019k
Native frames: (J=compiled Java code, j=interpreted, Vv=VM code, C=native code)
V  [libjvm.so+0xa76cea]  VMError::report_and_die()+0x2ca
V  [libjvm.so+0x4e52fb]  report_vm_out_of_memory(char const*, int, unsigned long, VMErrorType, char const*)+0x8b
V  [libjvm.so+0x8e4ec3]  os::Linux::commit_memory_impl(char*, unsigned long, bool)+0x103
V  [libjvm.so+0x8e5419]  os::pd_commit_memory(char*, unsigned long, unsigned long, bool)+0x29
V  [libjvm.so+0x8df0ea]  os::commit_memory(char*, unsigned long, unsigned long, bool)+0x2a
V  [libjvm.so+0x94f1f3]  PSVirtualSpace::expand_by(unsigned long)+0x53
V  [libjvm.so+0x9505f8]  PSYoungGen::resize_generation(unsigned long, unsigned long)+0xf8
V  [libjvm.so+0x94f752]  PSYoungGen::resize(unsigned long, unsigned long)+0x22
V  [libjvm.so+0x94ca33]  PSScavenge::invoke_no_policy()+0xf53
V  [libjvm.so+0x94d1b1]  PSScavenge::invoke()+0x41
V  [libjvm.so+0x9070d0]  ParallelScavengeHeap::failed_mem_allocate(unsigned long)+0x70
V  [libjvm.so+0xa78367]  VM_ParallelGCFailedAllocation::doit()+0x97
V  [libjvm.so+0xa7fa85]  VM_Operation::evaluate()+0x55
V  [libjvm.so+0xa7de5a]  VMThread::evaluate_operation(VM_Operation*)+0xba
V  [libjvm.so+0xa7e1de]  VMThread::loop()+0x1ce
V  [libjvm.so+0xa7e650]  VMThread::run()+0x70
V  [libjvm.so+0x8e75f8]  java_start(Thread*)+0x108

VM_Operation (0x00007f0d18f14840): ParallelGCFailedAllocation, mode: safepoint, requested by thread 0x00007f0d2c7d7800


---------------  P R O C E S S  ---------------

Java Threads: ( => current thread )
  0x00007f0cd401f800 JavaThread "pool-2-thread-6" [_thread_blocked, id=18056, stack(0x00007f0d18712000,0x00007f0d18813000)]
  0x00007f0cd0010000 JavaThread "pool-2-thread-5" [_thread_blocked, id=18055, stack(0x00007f0d18813000,0x00007f0d18914000)]
  0x00007f0d2c7dd800 JavaThread "pool-2-thread-4" [_thread_blocked, id=18054, stack(0x00007f0d18c15000,0x00007f0d18d16000)]
  0x00007f0d2c7dd000 JavaThread "pool-2-thread-3" [_thread_blocked, id=18052, stack(0x00007f0d18b14000,0x00007f0d18c15000)]
  0x00007f0d2c7db800 JavaThread "pool-2-thread-2" [_thread_blocked, id=18051, stack(0x00007f0d18d16000,0x00007f0d18e17000)]
  0x00007f0d2c7d7800 JavaThread "pool-2-thread-1" [_thread_blocked, id=18050, stack(0x00007f0d18e17000,0x00007f0d18f18000)]
  0x00007f0d2c18f000 JavaThread "Service Thread" daemon [_thread_blocked, id=17971, stack(0x00007f0d1a512000,0x00007f0d1a613000)]
  0x00007f0d2c179800 JavaThread "C1 CompilerThread2" daemon [_thread_blocked, id=17970, stack(0x00007f0d1a613000,0x00007f0d1a714000)]
  0x00007f0d2c178000 JavaThread "C2 CompilerThread1" daemon [_thread_blocked, id=17969, stack(0x00007f0d1a714000,0x00007f0d1a815000)]
  0x00007f0d2c175000 JavaThread "C2 CompilerThread0" daemon [_thread_blocked, id=17968, stack(0x00007f0d1a815000,0x00007f0d1a916000)]
  0x00007f0d2c173000 JavaThread "Signal Dispatcher" daemon [_thread_blocked, id=17967, stack(0x00007f0d1a916000,0x00007f0d1aa17000)]
  0x00007f0d2c143800 JavaThread "Finalizer" daemon [_thread_blocked, id=17966, stack(0x00007f0d1b0f9000,0x00007f0d1b1fa000)]
  0x00007f0d2c141800 JavaThread "Reference Handler" daemon [_thread_blocked, id=17965, stack(0x00007f0d1b1fa000,0x00007f0d1b2fb000)]
  0x00007f0d2c00a000 JavaThread "main" [_thread_blocked, id=17959, stack(0x00007f0d34f1f000,0x00007f0d35020000)]

Other Threads:
=>0x00007f0d2c13a800 VMThread [stack: 0x00007f0d1b2fb000,0x00007f0d1b3fc000] [id=17964]
  0x00007f0d2c192000 WatcherThread [stack: 0x00007f0d1a411000,0x00007f0d1a512000] [id=17972]

VM state:at safepoint (normal execution)

VM Mutex/Monitor currently owned by a thread:  ([mutex/lock_event])
[0x00007f0d2c0063f0] Threads_lock - owner thread: 0x00007f0d2c13a800
[0x00007f0d2c0068f0] Heap_lock - owner thread: 0x00007f0d2c7d7800

Heap:
 PSYoungGen      total 116224K, used 5104K [0x00000000f0000000, 0x00000000f8600000, 0x0000000100000000)
  eden space 111104K, 0% used [0x00000000f0000000,0x00000000f0000000,0x00000000f6c80000)
  from space 5120K, 99% used [0x00000000f7c00000,0x00000000f80fc050,0x00000000f8100000)
  to   space 5120K, 0% used [0x00000000f8100000,0x00000000f8100000,0x00000000f8600000)
 ParOldGen       total 51200K, used 18517K [0x00000000d0000000, 0x00000000d3200000, 0x00000000f0000000)
  object space 51200K, 36% used [0x00000000d0000000,0x00000000d12157d0,0x00000000d3200000)
 Metaspace       used 30866K, capacity 31170K, committed 31360K, reserved 1075200K
  class space    used 6111K, capacity 6203K, committed 6272K, reserved 1048576K

Card table byte_map: [0x00007f0d31bcb000,0x00007f0d31d4c000] byte_map_base: 0x00007f0d3154b000

Marking Bits: (ParMarkBitMap*) 0x00007f0d34403ac0
 Begin Bits: [0x00007f0d1b800000, 0x00007f0d1c400000)
 End Bits:   [0x00007f0d1c400000, 0x00007f0d1d000000)

Polling page: 0x00007f0d3504a000

CodeCache: size=245760Kb used=8404Kb max_used=8415Kb free=237355Kb
 bounds [0x00007f0d1d000000, 0x00007f0d1d850000, 0x00007f0d2c000000]
 total_blobs=3767 nmethods=3367 adapters=312
 compilation: enabled

Compilation events (10 events):
Event: 83.623 Thread 0x00007f0d2c178000 3759       4       scala.collection.immutable.HashMap$HashTrieMap::updated0 (240 bytes)
Event: 83.655 Thread 0x00007f0d2c179800 3760       3       scala.collection.IndexedSeqLike$class::thisCollection (5 bytes)
Event: 83.657 Thread 0x00007f0d2c179800 nmethod 3760 0x00007f0d1d10ff10 code [0x00007f0d1d110080, 0x00007f0d1d1102b0]
Event: 83.684 Thread 0x00007f0d2c175000 nmethod 3757 0x00007f0d1d10f810 code [0x00007f0d1d10f980, 0x00007f0d1d10fcd8]
Event: 83.685 Thread 0x00007f0d2c175000 3758       4       scala.collection.immutable.VectorBuilder::display0_$eq (6 bytes)
Event: 83.685 Thread 0x00007f0d2c175000 nmethod 3758 0x00007f0d1d273210 code [0x00007f0d1d273360, 0x00007f0d1d2733d8]
Event: 83.688 Thread 0x00007f0d2c179800 3761       3       scala.collection.immutable.Set$Set2::$plus (6 bytes)
Event: 83.690 Thread 0x00007f0d2c175000 3763       4       java.nio.Buffer::position (43 bytes)
Event: 83.691 Thread 0x00007f0d2c175000 nmethod 3763 0x00007f0d1d66ebd0 code [0x00007f0d1d66ed20, 0x00007f0d1d66edb8]
Event: 83.696 Thread 0x00007f0d2c175000 3767 % !   4       java.io.BufferedReader::readLine @ 131 (304 bytes)

GC Heap History (10 events):
Event: 11.325 GC heap after
Heap after GC invocations=1 (full 0):
 PSYoungGen      total 36864K, used 5106K [0x00000000f0000000, 0x00000000f4800000, 0x0000000100000000)
  eden space 31744K, 0% used [0x00000000f0000000,0x00000000f0000000,0x00000000f1f00000)
  from space 5120K, 99% used [0x00000000f1f00000,0x00000000f23fc8e8,0x00000000f2400000)
  to   space 5120K, 0% used [0x00000000f4300000,0x00000000f4300000,0x00000000f4800000)
 ParOldGen       total 84992K, used 1133K [0x00000000d0000000, 0x00000000d5300000, 0x00000000f0000000)
  object space 84992K, 1% used [0x00000000d0000000,0x00000000d011b460,0x00000000d5300000)
 Metaspace       used 9706K, capacity 10660K, committed 10880K, reserved 1058816K
  class space    used 1538K, capacity 1588K, committed 1664K, reserved 1048576K
}
Event: 40.575 GC heap before
{Heap before GC invocations=2 (full 0):
 PSYoungGen      total 36864K, used 36850K [0x00000000f0000000, 0x00000000f4800000, 0x0000000100000000)
  eden space 31744K, 100% used [0x00000000f0000000,0x00000000f1f00000,0x00000000f1f00000)
  from space 5120K, 99% used [0x00000000f1f00000,0x00000000f23fc8e8,0x00000000f2400000)
  to   space 5120K, 0% used [0x00000000f4300000,0x00000000f4300000,0x00000000f4800000)
 ParOldGen       total 84992K, used 1133K [0x00000000d0000000, 0x00000000d5300000, 0x00000000f0000000)
  object space 84992K, 1% used [0x00000000d0000000,0x00000000d011b460,0x00000000d5300000)
 Metaspace       used 14728K, capacity 14988K, committed 15232K, reserved 1062912K
  class space    used 2515K, capacity 2588K, committed 2688K, reserved 1048576K
Event: 40.915 GC heap after
Heap after GC invocations=2 (full 0):
 PSYoungGen      total 68608K, used 5096K [0x00000000f0000000, 0x00000000f4800000, 0x0000000100000000)
  eden space 63488K, 0% used [0x00000000f0000000,0x00000000f0000000,0x00000000f3e00000)
  from space 5120K, 99% used [0x00000000f4300000,0x00000000f47fa3a0,0x00000000f4800000)
  to   space 5120K, 0% used [0x00000000f3e00000,0x00000000f3e00000,0x00000000f4300000)
 ParOldGen       total 84992K, used 1723K [0x00000000d0000000, 0x00000000d5300000, 0x00000000f0000000)
  object space 84992K, 2% used [0x00000000d0000000,0x00000000d01aee48,0x00000000d5300000)
 Metaspace       used 14728K, capacity 14988K, committed 15232K, reserved 1062912K
  class space    used 2515K, capacity 2588K, committed 2688K, reserved 1048576K
}
Event: 62.439 GC heap before
{Heap before GC invocations=3 (full 0):
 PSYoungGen      total 68608K, used 39875K [0x00000000f0000000, 0x00000000f4800000, 0x0000000100000000)
  eden space 63488K, 54% used [0x00000000f0000000,0x00000000f21f6940,0x00000000f3e00000)
  from space 5120K, 99% used [0x00000000f4300000,0x00000000f47fa3a0,0x00000000f4800000)
  to   space 5120K, 0% used [0x00000000f3e00000,0x00000000f3e00000,0x00000000f4300000)
 ParOldGen       total 84992K, used 1723K [0x00000000d0000000, 0x00000000d5300000, 0x00000000f0000000)
  object space 84992K, 2% used [0x00000000d0000000,0x00000000d01aee48,0x00000000d5300000)
 Metaspace       used 21119K, capacity 21256K, committed 21296K, reserved 1067008K
  class space    used 3675K, capacity 3710K, committed 3712K, reserved 1048576K
Event: 62.527 GC heap after
Heap after GC invocations=3 (full 0):
 PSYoungGen      total 68608K, used 5104K [0x00000000f0000000, 0x00000000f8600000, 0x0000000100000000)
  eden space 63488K, 0% used [0x00000000f0000000,0x00000000f0000000,0x00000000f3e00000)
  from space 5120K, 99% used [0x00000000f3e00000,0x00000000f42fc050,0x00000000f4300000)
  to   space 5120K, 0% used [0x00000000f8100000,0x00000000f8100000,0x00000000f8600000)
 ParOldGen       total 84992K, used 4880K [0x00000000d0000000, 0x00000000d5300000, 0x00000000f0000000)
  object space 84992K, 5% used [0x00000000d0000000,0x00000000d04c41d8,0x00000000d5300000)
 Metaspace       used 21119K, capacity 21256K, committed 21296K, reserved 1067008K
  class space    used 3675K, capacity 3710K, committed 3712K, reserved 1048576K
}
Event: 62.543 GC heap before
{Heap before GC invocations=4 (full 1):
 PSYoungGen      total 68608K, used 5104K [0x00000000f0000000, 0x00000000f8600000, 0x0000000100000000)
  eden space 63488K, 0% used [0x00000000f0000000,0x00000000f0000000,0x00000000f3e00000)
  from space 5120K, 99% used [0x00000000f3e00000,0x00000000f42fc050,0x00000000f4300000)
  to   space 5120K, 0% used [0x00000000f8100000,0x00000000f8100000,0x00000000f8600000)
 ParOldGen       total 84992K, used 4880K [0x00000000d0000000, 0x00000000d5300000, 0x00000000f0000000)
  object space 84992K, 5% used [0x00000000d0000000,0x00000000d04c41d8,0x00000000d5300000)
 Metaspace       used 21119K, capacity 21256K, committed 21296K, reserved 1067008K
  class space    used 3675K, capacity 3710K, committed 3712K, reserved 1048576K
Event: 62.751 GC heap after
Heap after GC invocations=4 (full 1):
 PSYoungGen      total 68608K, used 0K [0x00000000f0000000, 0x00000000f8600000, 0x0000000100000000)
  eden space 63488K, 0% used [0x00000000f0000000,0x00000000f0000000,0x00000000f3e00000)
  from space 5120K, 0% used [0x00000000f3e00000,0x00000000f3e00000,0x00000000f4300000)
  to   space 5120K, 0% used [0x00000000f8100000,0x00000000f8100000,0x00000000f8600000)
 ParOldGen       total 51200K, used 7929K [0x00000000d0000000, 0x00000000d3200000, 0x00000000f0000000)
  object space 51200K, 15% used [0x00000000d0000000,0x00000000d07be458,0x00000000d3200000)
 Metaspace       used 21119K, capacity 21256K, committed 21296K, reserved 1067008K
  class space    used 3675K, capacity 3710K, committed 3712K, reserved 1048576K
}
Event: 70.032 GC heap before
{Heap before GC invocations=5 (full 1):
 PSYoungGen      total 68608K, used 63488K [0x00000000f0000000, 0x00000000f8600000, 0x0000000100000000)
  eden space 63488K, 100% used [0x00000000f0000000,0x00000000f3e00000,0x00000000f3e00000)
  from space 5120K, 0% used [0x00000000f3e00000,0x00000000f3e00000,0x00000000f4300000)
  to   space 5120K, 0% used [0x00000000f8100000,0x00000000f8100000,0x00000000f8600000)
 ParOldGen       total 51200K, used 7929K [0x00000000d0000000, 0x00000000d3200000, 0x00000000f0000000)
  object space 51200K, 15% used [0x00000000d0000000,0x00000000d07be458,0x00000000d3200000)
 Metaspace       used 27271K, capacity 27490K, committed 27648K, reserved 1071104K
  class space    used 5199K, capacity 5275K, committed 5376K, reserved 1048576K
Event: 70.095 GC heap after
Heap after GC invocations=5 (full 1):
 PSYoungGen      total 116224K, used 5092K [0x00000000f0000000, 0x00000000f8600000, 0x0000000100000000)
  eden space 111104K, 0% used [0x00000000f0000000,0x00000000f0000000,0x00000000f6c80000)
  from space 5120K, 99% used [0x00000000f8100000,0x00000000f85f9390,0x00000000f8600000)
  to   space 5120K, 0% used [0x00000000f7c00000,0x00000000f7c00000,0x00000000f8100000)
 ParOldGen       total 51200K, used 9600K [0x00000000d0000000, 0x00000000d3200000, 0x00000000f0000000)
  object space 51200K, 18% used [0x00000000d0000000,0x00000000d0960180,0x00000000d3200000)
 Metaspace       used 27271K, capacity 27490K, committed 27648K, reserved 1071104K
  class space    used 5199K, capacity 5275K, committed 5376K, reserved 1048576K
}
Event: 83.741 GC heap before
{Heap before GC invocations=6 (full 1):
 PSYoungGen      total 116224K, used 116196K [0x00000000f0000000, 0x00000000f8600000, 0x0000000100000000)
  eden space 111104K, 100% used [0x00000000f0000000,0x00000000f6c80000,0x00000000f6c80000)
  from space 5120K, 99% used [0x00000000f8100000,0x00000000f85f9390,0x00000000f8600000)
  to   space 5120K, 0% used [0x00000000f7c00000,0x00000000f7c00000,0x00000000f8100000)
 ParOldGen       total 51200K, used 9600K [0x00000000d0000000, 0x00000000d3200000, 0x00000000f0000000)
  object space 51200K, 18% used [0x00000000d0000000,0x00000000d0960180,0x00000000d3200000)
 Metaspace       used 30866K, capacity 31170K, committed 31360K, reserved 1075200K
  class space    used 6111K, capacity 6203K, committed 6272K, reserved 1048576K

Deoptimization events (10 events):
Event: 82.806 Thread 0x00007f0d2c7d7800 Uncommon trap: reason=bimorphic action=maybe_recompile pc=0x00007f0d1d6e09b8 method=scala.collection.TraversableLike$$anonfun$filter$1.apply(Ljava/lang/Object;)Ljava/lang/Object; @ 21
Event: 82.840 Thread 0x00007f0d2c7d7800 Uncommon trap: reason=class_check action=maybe_recompile pc=0x00007f0d1d769a54 method=scala.collection.immutable.Range.<init>(III)V @ 74
Event: 82.841 Thread 0x00007f0d2c7d7800 Uncommon trap: reason=class_check action=maybe_recompile pc=0x00007f0d1d769a54 method=scala.collection.immutable.Range.<init>(III)V @ 74
Event: 82.983 Thread 0x00007f0d2c7dd800 Uncommon trap: reason=bimorphic action=maybe_recompile pc=0x00007f0d1d4ccb5c method=scala.collection.IterableLike$class.copyToArray(Lscala/collection/IterableLike;Ljava/lang/Object;II)V @ 31
Event: 83.281 Thread 0x00007f0d2c7d7800 Uncommon trap: reason=class_check action=maybe_recompile pc=0x00007f0d1d769a54 method=scala.collection.immutable.Range.<init>(III)V @ 74
Event: 83.313 Thread 0x00007f0d2c7d7800 Uncommon trap: reason=class_check action=maybe_recompile pc=0x00007f0d1d769a54 method=scala.collection.immutable.Range.<init>(III)V @ 74
Event: 83.618 Thread 0x00007f0d2c7d7800 Uncommon trap: reason=bimorphic action=maybe_recompile pc=0x00007f0d1d489a00 method=scala.collection.immutable.HashMap$HashMap1.updated0(Ljava/lang/Object;IILjava/lang/Object;Lscala/Tuple2;Lscala/collection/immutable/HashMap$Merger;)Lscala/collection/immu
Event: 83.619 Thread 0x00007f0d2c7d7800 Uncommon trap: reason=bimorphic action=maybe_recompile pc=0x00007f0d1d489a00 method=scala.collection.immutable.HashMap$HashMap1.updated0(Ljava/lang/Object;IILjava/lang/Object;Lscala/Tuple2;Lscala/collection/immutable/HashMap$Merger;)Lscala/collection/immu
Event: 83.619 Thread 0x00007f0d2c7d7800 Uncommon trap: reason=bimorphic action=maybe_recompile pc=0x00007f0d1d489a00 method=scala.collection.immutable.HashMap$HashMap1.updated0(Ljava/lang/Object;IILjava/lang/Object;Lscala/Tuple2;Lscala/collection/immutable/HashMap$Merger;)Lscala/collection/immu
Event: 83.619 Thread 0x00007f0d2c7d7800 Uncommon trap: reason=bimorphic action=maybe_recompile pc=0x00007f0d1d489a00 method=scala.collection.immutable.HashMap$HashMap1.updated0(Ljava/lang/Object;IILjava/lang/Object;Lscala/Tuple2;Lscala/collection/immutable/HashMap$Merger;)Lscala/collection/immu

Internal exceptions (10 events):
Event: 83.656 Thread 0x00007f0d2c7d7800 Exception <a 'java/security/PrivilegedActionException'> (0x00000000f6c26a98) thrown at [/HUDSON/workspace/8-2-build-linux-amd64/jdk8u20/1074/hotspot/src/share/vm/prims/jvm.cpp, line 1275]
Event: 83.662 Thread 0x00007f0d2c7d7800 Exception <a 'java/security/PrivilegedActionException'> (0x00000000f6c2be78) thrown at [/HUDSON/workspace/8-2-build-linux-amd64/jdk8u20/1074/hotspot/src/share/vm/prims/jvm.cpp, line 1275]
Event: 83.663 Thread 0x00007f0d2c7d7800 Exception <a 'java/security/PrivilegedActionException'> (0x00000000f6c2c718) thrown at [/HUDSON/workspace/8-2-build-linux-amd64/jdk8u20/1074/hotspot/src/share/vm/prims/jvm.cpp, line 1275]
Event: 83.664 Thread 0x00007f0d2c7d7800 Exception <a 'java/security/PrivilegedActionException'> (0x00000000f6c2d760) thrown at [/HUDSON/workspace/8-2-build-linux-amd64/jdk8u20/1074/hotspot/src/share/vm/prims/jvm.cpp, line 1275]
Event: 83.675 Thread 0x00007f0d2c7d7800 Exception <a 'java/security/PrivilegedActionException'> (0x00000000f6c34678) thrown at [/HUDSON/workspace/8-2-build-linux-amd64/jdk8u20/1074/hotspot/src/share/vm/prims/jvm.cpp, line 1275]
Event: 83.675 Thread 0x00007f0d2c7d7800 Exception <a 'java/security/PrivilegedActionException'> (0x00000000f6c34f18) thrown at [/HUDSON/workspace/8-2-build-linux-amd64/jdk8u20/1074/hotspot/src/share/vm/prims/jvm.cpp, line 1275]
Event: 83.675 Thread 0x00007f0d2c7d7800 Exception <a 'java/security/PrivilegedActionException'> (0x00000000f6c35f60) thrown at [/HUDSON/workspace/8-2-build-linux-amd64/jdk8u20/1074/hotspot/src/share/vm/prims/jvm.cpp, line 1275]
Event: 83.678 Thread 0x00007f0d2c7d7800 Exception <a 'java/security/PrivilegedActionException'> (0x00000000f6c3a388) thrown at [/HUDSON/workspace/8-2-build-linux-amd64/jdk8u20/1074/hotspot/src/share/vm/prims/jvm.cpp, line 1275]
Event: 83.678 Thread 0x00007f0d2c7d7800 Exception <a 'java/security/PrivilegedActionException'> (0x00000000f6c3ad08) thrown at [/HUDSON/workspace/8-2-build-linux-amd64/jdk8u20/1074/hotspot/src/share/vm/prims/jvm.cpp, line 1275]
Event: 83.685 Thread 0x00007f0d2c7d7800 Exception <a 'java/security/PrivilegedActionException'> (0x00000000f6c3c050) thrown at [/HUDSON/workspace/8-2-build-linux-amd64/jdk8u20/1074/hotspot/src/share/vm/prims/jvm.cpp, line 1275]

Events (10 events):
Event: 83.650 loading class sbt/inc/Relations$SourceDependencies done
Event: 83.656 loading class sbt/inc/TextAnalysisFormat$RelationsF$$anonfun$read$1
Event: 83.656 loading class sbt/inc/TextAnalysisFormat$RelationsF$$anonfun$read$1 done
Event: 83.661 loading class sbt/MRelation$$anonfun$equals$1
Event: 83.662 loading class sbt/MRelation$$anonfun$equals$1 done
Event: 83.675 loading class sbt/MRelation$$anonfun$equals$2
Event: 83.675 loading class sbt/MRelation$$anonfun$equals$2 done
Event: 83.678 loading class sbt/inc/TextAnalysisFormat$RelationsF$$anonfun$read$2
Event: 83.678 loading class sbt/inc/TextAnalysisFormat$RelationsF$$anonfun$read$2 done
Event: 83.708 Executing VM operation: ParallelGCFailedAllocation


Dynamic libraries:
00400000-00401000 r-xp 00000000 fc:00 7740203                            /usr/lib/jvm/java-8-oracle/bin/java
00600000-00601000 rw-p 00000000 fc:00 7740203                            /usr/lib/jvm/java-8-oracle/bin/java
01471000-01492000 rw-p 00000000 00:00 0                                  [heap]
d0000000-d3200000 rw-p 00000000 00:00 0 
d3200000-f0000000 ---p 00000000 00:00 0 
f0000000-f8600000 rw-p 00000000 00:00 0 
fe100000-100000000 ---p 00000000 00:00 0 
100000000-100620000 rw-p 00000000 00:00 0 
100620000-140000000 ---p 00000000 00:00 0 
7f0cc4000000-7f0cc4021000 rw-p 00000000 00:00 0 
7f0cc4021000-7f0cc8000000 ---p 00000000 00:00 0 
7f0cc8000000-7f0cc8021000 rw-p 00000000 00:00 0 
7f0cc8021000-7f0ccc000000 ---p 00000000 00:00 0 
7f0ccc000000-7f0ccc021000 rw-p 00000000 00:00 0 
7f0ccc021000-7f0cd0000000 ---p 00000000 00:00 0 
7f0cd0000000-7f0cd002c000 rw-p 00000000 00:00 0 
7f0cd002c000-7f0cd4000000 ---p 00000000 00:00 0 
7f0cd4000000-7f0cd41f0000 rw-p 00000000 00:00 0 
7f0cd41f0000-7f0cd8000000 ---p 00000000 00:00 0 
7f0cd8000000-7f0cd8028000 rw-p 00000000 00:00 0 
7f0cd8028000-7f0cdc000000 ---p 00000000 00:00 0 
7f0cdc000000-7f0cdc021000 rw-p 00000000 00:00 0 
7f0cdc021000-7f0ce0000000 ---p 00000000 00:00 0 
7f0ce0000000-7f0ce0021000 rw-p 00000000 00:00 0 
7f0ce0021000-7f0ce4000000 ---p 00000000 00:00 0 
7f0ce4000000-7f0ce5907000 rw-p 00000000 00:00 0 
7f0ce5907000-7f0ce8000000 ---p 00000000 00:00 0 
7f0ce8000000-7f0ce8745000 rw-p 00000000 00:00 0 
7f0ce8745000-7f0cec000000 ---p 00000000 00:00 0 
7f0cec000000-7f0cec021000 rw-p 00000000 00:00 0 
7f0cec021000-7f0cf0000000 ---p 00000000 00:00 0 
7f0cf0000000-7f0cf1d67000 rw-p 00000000 00:00 0 
7f0cf1d67000-7f0cf4000000 ---p 00000000 00:00 0 
7f0cf4000000-7f0cf4021000 rw-p 00000000 00:00 0 
7f0cf4021000-7f0cf8000000 ---p 00000000 00:00 0 
7f0cf8000000-7f0cf8021000 rw-p 00000000 00:00 0 
7f0cf8021000-7f0cfc000000 ---p 00000000 00:00 0 
7f0cfc000000-7f0cfc021000 rw-p 00000000 00:00 0 
7f0cfc021000-7f0d00000000 ---p 00000000 00:00 0 
7f0d00000000-7f0d00311000 rw-p 00000000 00:00 0 
7f0d00311000-7f0d04000000 ---p 00000000 00:00 0 
7f0d04000000-7f0d04021000 rw-p 00000000 00:00 0 
7f0d04021000-7f0d08000000 ---p 00000000 00:00 0 
7f0d0c000000-7f0d0c021000 rw-p 00000000 00:00 0 
7f0d0c021000-7f0d10000000 ---p 00000000 00:00 0 
7f0d14000000-7f0d14021000 rw-p 00000000 00:00 0 
7f0d14021000-7f0d18000000 ---p 00000000 00:00 0 
7f0d18511000-7f0d18592000 rw-p 00000000 00:00 0 
7f0d18592000-7f0d18712000 ---p 00000000 00:00 0 
7f0d18712000-7f0d18715000 ---p 00000000 00:00 0 
7f0d18715000-7f0d18813000 rw-p 00000000 00:00 0                          [stack:18056]
7f0d18813000-7f0d18816000 ---p 00000000 00:00 0 
7f0d18816000-7f0d18b14000 rw-p 00000000 00:00 0                          [stack:18055]
7f0d18b14000-7f0d18b17000 ---p 00000000 00:00 0 
7f0d18b17000-7f0d18c15000 rw-p 00000000 00:00 0                          [stack:18052]
7f0d18c15000-7f0d18c18000 ---p 00000000 00:00 0 
7f0d18c18000-7f0d18d16000 rw-p 00000000 00:00 0                          [stack:18054]
7f0d18d16000-7f0d18d19000 ---p 00000000 00:00 0 
7f0d18d19000-7f0d18e17000 rw-p 00000000 00:00 0                          [stack:18051]
7f0d18e17000-7f0d18e1a000 ---p 00000000 00:00 0 
7f0d18e1a000-7f0d18f18000 rw-p 00000000 00:00 0                          [stack:18050]
7f0d18f18000-7f0d18f34000 r--s 00393000 fc:00 7868007                    /usr/lib/jvm/java-8-oracle/jre/lib/ext/cldrdata.jar
7f0d18f34000-7f0d18f3e000 r--s 00116000 fc:00 7867985                    /usr/lib/jvm/java-8-oracle/jre/lib/ext/localedata.jar
7f0d18f3e000-7f0d1913e000 rw-p 00000000 00:00 0 
7f0d1913e000-7f0d1933e000 rw-p 00000000 00:00 0 
7f0d1933e000-7f0d1953e000 rw-p 00000000 00:00 0 
7f0d1953e000-7f0d1973e000 rw-p 00000000 00:00 0 
7f0d1973e000-7f0d1993e000 rw-p 00000000 00:00 0 
7f0d1993e000-7f0d19b3e000 rw-p 00000000 00:00 0 
7f0d19b3e000-7f0d19b43000 r--s 00092000 fc:00 7740397                    /usr/lib/jvm/java-8-oracle/jre/lib/jsse.jar
7f0d19b43000-7f0d19b45000 r--s 0000b000 fc:00 8403943                    /home/antonkulaga/.sbt/boot/scala-2.10.4/org.scala-sbt/sbt/0.13.6-RC3/xsbti/interface-0.13.6-RC3.jar
7f0d19b45000-7f0d19b47000 r--s 00002000 fc:00 8403457                    /home/antonkulaga/.sbt/boot/scala-2.10.4/org.scala-sbt/sbt/0.13.6-RC3/test-interface-1.0.jar
7f0d19b47000-7f0d19b4a000 r--s 00013000 fc:00 8403955                    /home/antonkulaga/.sbt/boot/scala-2.10.4/org.scala-sbt/sbt/0.13.6-RC3/classpath-0.13.6-RC3.jar
7f0d19b4a000-7f0d19d4a000 rw-p 00000000 00:00 0 
7f0d19d4a000-7f0d19d52000 r--s 00060000 fc:00 8403511                    /home/antonkulaga/.sbt/boot/scala-2.10.4/org.scala-sbt/sbt/0.13.6-RC3/collections-0.13.6-RC3.jar
7f0d19d52000-7f0d19d59000 r--s 00049000 fc:00 8403950                    /home/antonkulaga/.sbt/boot/scala-2.10.4/org.scala-sbt/sbt/0.13.6-RC3/api-0.13.6-RC3.jar
7f0d19d59000-7f0d19d5f000 r--s 0003d000 fc:00 8403898                    /home/antonkulaga/.sbt/boot/scala-2.10.4/org.scala-sbt/sbt/0.13.6-RC3/io-0.13.6-RC3.jar
7f0d19d5f000-7f0d19d67000 r--s 00069000 fc:00 8404413                    /home/antonkulaga/.sbt/boot/scala-2.10.4/org.scala-sbt/sbt/0.13.6-RC3/actions-0.13.6-RC3.jar
7f0d19d67000-7f0d19d68000 r--s 0000a000 fc:00 8403230                    /home/antonkulaga/.sbt/boot/scala-2.10.4/org.scala-sbt/sbt/0.13.6-RC3/tracking-0.13.6-RC3.jar
7f0d19d68000-7f0d19d6b000 r--s 0000e000 fc:00 8412302                    /home/antonkulaga/.sbt/boot/scala-2.10.4/org.scala-sbt/sbt/0.13.6-RC3/compiler-integration-0.13.6-RC3.jar
7f0d19d6b000-7f0d19d6c000 r--s 00005000 fc:00 8403401                    /home/antonkulaga/.sbt/boot/scala-2.10.4/org.scala-sbt/sbt/0.13.6-RC3/test-agent-0.13.6-RC3.jar
7f0d19d6c000-7f0d19d74000 r--s 00057000 fc:00 8403261                    /home/antonkulaga/.sbt/boot/scala-2.10.4/org.scala-sbt/sbt/0.13.6-RC3/completion-0.13.6-RC3.jar
7f0d19d74000-7f0d19d79000 r--s 00036000 fc:00 8403935                    /home/antonkulaga/.sbt/boot/scala-2.10.4/org.scala-sbt/sbt/0.13.6-RC3/command-0.13.6-RC3.jar
7f0d19d79000-7f0d19d7b000 r--s 00001000 fc:00 8403946                    /home/antonkulaga/.sbt/boot/scala-2.10.4/org.scala-sbt/sbt/0.13.6-RC3/compiler-ivy-integration-0.13.6-RC3.jar
7f0d19d7b000-7f0d19d7d000 r--s 00002000 fc:00 8403939                    /home/antonkulaga/.sbt/boot/scala-2.10.4/org.scala-sbt/sbt/0.13.6-RC3/control-0.13.6-RC3.jar
7f0d19d7d000-7f0d19d7f000 r--s 00001000 fc:00 8403900                    /home/antonkulaga/.sbt/boot/scala-2.10.4/org.scala-sbt/sbt/0.13.6-RC3/cross-0.13.6-RC3.jar
7f0d19d7f000-7f0d19d94000 r--s 00101000 fc:00 8403960                    /home/antonkulaga/.sbt/boot/scala-2.10.4/org.scala-sbt/sbt/0.13.6-RC3/ivy-2.3.0-sbt-14d4d23e25f354cd296c73bfff405544434d5f80.jar
7f0d19d94000-7f0d19d97000 r--s 0001d000 fc:00 8403948                    /home/antonkulaga/.sbt/boot/scala-2.10.4/org.scala-sbt/sbt/0.13.6-RC3/tasks-0.13.6-RC3.jar
7f0d19d97000-7f0d19d9a000 r--s 00018000 fc:00 8403510                    /home/antonkulaga/.sbt/boot/scala-2.10.4/org.scala-sbt/sbt/0.13.6-RC3/logging-0.13.6-RC3.jar
7f0d19d9a000-7f0d19da5000 r--s 00091000 fc:00 8403967                    /home/antonkulaga/.sbt/boot/scala-2.10.4/org.scala-sbt/sbt/0.13.6-RC3/main-settings-0.13.6-RC3.jar
7f0d19da5000-7f0d19da7000 r--s 00001000 fc:00 8403404                    /home/antonkulaga/.sbt/boot/scala-2.10.4/org.scala-sbt/sbt/0.13.6-RC3/launcher-interface-0.13.6-RC3.jar
7f0d19da7000-7f0d19dd0000 r--s 0021d000 fc:00 8403481                    /home/antonkulaga/.sbt/boot/scala-2.10.4/org.scala-sbt/sbt/0.13.6-RC3/main-0.13.6-RC3.jar
7f0d19dd0000-7f0d19dd3000 r--s 00030000 fc:00 8403906                    /home/antonkulaga/.sbt/boot/scala-2.10.4/org.scala-sbt/sbt/0.13.6-RC3/jline-2.11.jar
7f0d19dd3000-7f0d19dd5000 r--s 00006000 fc:00 8403232                    /home/antonkulaga/.sbt/boot/scala-2.10.4/org.scala-sbt/sbt/0.13.6-RC3/relation-0.13.6-RC3.jar
7f0d19dd5000-7f0d19ddd000 r--s 0005f000 fc:00 8403262                    /home/antonkulaga/.sbt/boot/scala-2.10.4/org.scala-sbt/sbt/0.13.6-RC3/incremental-compiler-0.13.6-RC3.jar
7f0d19ddd000-7f0d19de1000 r--s 0001b000 fc:00 8403231                    /home/antonkulaga/.sbt/boot/scala-2.10.4/org.scala-sbt/sbt/0.13.6-RC3/process-0.13.6-RC3.jar
7f0d19de1000-7f0d19de6000 r--s 00024000 fc:00 8403937                    /home/antonkulaga/.sbt/boot/scala-2.10.4/org.scala-sbt/sbt/0.13.6-RC3/persist-0.13.6-RC3.jar
7f0d19de6000-7f0d19de9000 r--s 00019000 fc:00 8403589                    /home/antonkulaga/.sbt/boot/scala-2.10.4/org.scala-sbt/sbt/0.13.6-RC3/compile-0.13.6-RC3.jar
7f0d19de9000-7f0d19dea000 r--s 00005000 fc:00 8403903                    /home/antonkulaga/.sbt/boot/scala-2.10.4/org.scala-sbt/sbt/0.13.6-RC3/sbt-0.13.6-RC3.jar
7f0d19dea000-7f0d19ded000 r--s 0001e000 fc:00 8404414                    /home/antonkulaga/.sbt/boot/scala-2.10.4/org.scala-sbt/sbt/0.13.6-RC3/run-0.13.6-RC3.jar
7f0d19ded000-7f0d19df1000 r--s 00022000 fc:00 8403559                    /home/antonkulaga/.sbt/boot/scala-2.10.4/org.scala-sbt/sbt/0.13.6-RC3/sbinary_2.10-0.4.2.jar
7f0d19df1000-7f0d19df4000 r--s 0001d000 fc:00 8403953                    /home/antonkulaga/.sbt/boot/scala-2.10.4/org.scala-sbt/sbt/0.13.6-RC3/task-system-0.13.6-RC3.jar
7f0d19df4000-7f0d19e2a000 r--s 002d9000 fc:00 8403941                    /home/antonkulaga/.sbt/boot/scala-2.10.4/org.scala-sbt/sbt/0.13.6-RC3/scala-reflect-2.10.4.jar
7f0d19e2a000-7f0d19e9c000 r--s 0065a000 fc:00 8409943                    /home/antonkulaga/.sbt/boot/scala-2.10.4/lib/scala-library.jar
7f0d19e9c000-7f0d19f99000 r--s 00cca000 fc:00 8409942                    /home/antonkulaga/.sbt/boot/scala-2.10.4/lib/scala-compiler.jar
7f0d19f99000-7f0d19fcf000 r--s 002d9000 fc:00 8409941                    /home/antonkulaga/.sbt/boot/scala-2.10.4/lib/scala-reflect.jar
7f0d19fcf000-7f0d19fe0000 r-xp 00000000 fc:00 7740323                    /usr/lib/jvm/java-8-oracle/jre/lib/amd64/libnio.so
7f0d19fe0000-7f0d1a1df000 ---p 00011000 fc:00 7740323                    /usr/lib/jvm/java-8-oracle/jre/lib/amd64/libnio.so
7f0d1a1df000-7f0d1a1e0000 rw-p 00010000 fc:00 7740323                    /usr/lib/jvm/java-8-oracle/jre/lib/amd64/libnio.so
7f0d1a1e0000-7f0d1a1f6000 r-xp 00000000 fc:00 7740377                    /usr/lib/jvm/java-8-oracle/jre/lib/amd64/libnet.so
7f0d1a1f6000-7f0d1a3f6000 ---p 00016000 fc:00 7740377                    /usr/lib/jvm/java-8-oracle/jre/lib/amd64/libnet.so
7f0d1a3f6000-7f0d1a3f7000 rw-p 00016000 fc:00 7740377                    /usr/lib/jvm/java-8-oracle/jre/lib/amd64/libnet.so
7f0d1a3f7000-7f0d1a411000 r--s 00107000 fc:00 7102226                    /home/antonkulaga/.IntelliJIdea14/config/plugins/Scala/launcher/sbt-launch.jar
7f0d1a411000-7f0d1a412000 ---p 00000000 00:00 0 
7f0d1a412000-7f0d1a512000 rw-p 00000000 00:00 0                          [stack:17972]
7f0d1a512000-7f0d1a515000 ---p 00000000 00:00 0 
7f0d1a515000-7f0d1a613000 rw-p 00000000 00:00 0                          [stack:17971]
7f0d1a613000-7f0d1a616000 ---p 00000000 00:00 0 
7f0d1a616000-7f0d1a714000 rw-p 00000000 00:00 0                          [stack:17970]
7f0d1a714000-7f0d1a717000 ---p 00000000 00:00 0 
7f0d1a717000-7f0d1a815000 rw-p 00000000 00:00 0                          [stack:17969]
7f0d1a815000-7f0d1a818000 ---p 00000000 00:00 0 
7f0d1a818000-7f0d1a916000 rw-p 00000000 00:00 0                          [stack:17968]
7f0d1a916000-7f0d1a919000 ---p 00000000 00:00 0 
7f0d1a919000-7f0d1aa17000 rw-p 00000000 00:00 0                          [stack:17967]
7f0d1aa17000-7f0d1b0f9000 r--p 00000000 fc:00 6953797                    /usr/lib/locale/locale-archive
7f0d1b0f9000-7f0d1b0fc000 ---p 00000000 00:00 0 
7f0d1b0fc000-7f0d1b1fa000 rw-p 00000000 00:00 0                          [stack:17966]
7f0d1b1fa000-7f0d1b1fd000 ---p 00000000 00:00 0 
7f0d1b1fd000-7f0d1b2fb000 rw-p 00000000 00:00 0                          [stack:17965]
7f0d1b2fb000-7f0d1b2fc000 ---p 00000000 00:00 0 
7f0d1b2fc000-7f0d1d000000 rw-p 00000000 00:00 0                          [stack:17964]
7f0d1d000000-7f0d1d850000 rwxp 00000000 00:00 0 
7f0d1d850000-7f0d2c000000 ---p 00000000 00:00 0 
7f0d2c000000-7f0d2cf7f000 rw-p 00000000 00:00 0 
7f0d2cf7f000-7f0d30000000 ---p 00000000 00:00 0 
7f0d30000000-7f0d30002000 r--s 00017000 fc:00 8403260                    /home/antonkulaga/.sbt/boot/scala-2.10.4/org.scala-sbt/sbt/0.13.6-RC3/testing-0.13.6-RC3.jar
7f0d30002000-7f0d30010000 r--s 000cd000 fc:00 8403400                    /home/antonkulaga/.sbt/boot/scala-2.10.4/org.scala-sbt/sbt/0.13.6-RC3/ivy-0.13.6-RC3.jar
7f0d30010000-7f0d30012000 r--s 00014000 fc:00 8403964                    /home/antonkulaga/.sbt/boot/scala-2.10.4/org.scala-sbt/sbt/0.13.6-RC3/apply-macro-0.13.6-RC3.jar
7f0d30012000-7f0d30015000 r--s 00012000 fc:00 8403398                    /home/antonkulaga/.sbt/boot/scala-2.10.4/org.scala-sbt/sbt/0.13.6-RC3/classfile-0.13.6-RC3.jar
7f0d30015000-7f0d30017000 r--s 0000e000 fc:00 8403590                    /home/antonkulaga/.sbt/boot/scala-2.10.4/org.scala-sbt/sbt/0.13.6-RC3/logic-0.13.6-RC3.jar
7f0d30017000-7f0d30b71000 rw-p 00000000 00:00 0 
7f0d30b71000-7f0d30d47000 r--s 03ca8000 fc:00 7740423                    /usr/lib/jvm/java-8-oracle/jre/lib/rt.jar
7f0d30d47000-7f0d316c7000 rw-p 00000000 00:00 0 
7f0d316c7000-7f0d316c8000 ---p 00000000 00:00 0 
7f0d316c8000-7f0d317c8000 rw-p 00000000 00:00 0                          [stack:17963]
7f0d317c8000-7f0d317c9000 ---p 00000000 00:00 0 
7f0d317c9000-7f0d318c9000 rw-p 00000000 00:00 0                          [stack:17962]
7f0d318c9000-7f0d318ca000 ---p 00000000 00:00 0 
7f0d318ca000-7f0d319ca000 rw-p 00000000 00:00 0                          [stack:17961]
7f0d319ca000-7f0d319cb000 ---p 00000000 00:00 0 
7f0d319cb000-7f0d31ae4000 rw-p 00000000 00:00 0                          [stack:17960]
7f0d31ae4000-7f0d31bcb000 ---p 00000000 00:00 0 
7f0d31bcb000-7f0d31be4000 rw-p 00000000 00:00 0 
7f0d31be4000-7f0d31ccb000 ---p 00000000 00:00 0 
7f0d31ccb000-7f0d31d0e000 rw-p 00000000 00:00 0 
7f0d31d0e000-7f0d31d4b000 ---p 00000000 00:00 0 
7f0d31d4b000-7f0d31d6e000 rw-p 00000000 00:00 0 
7f0d31d6e000-7f0d3210c000 ---p 00000000 00:00 0 
7f0d3210c000-7f0d32126000 r-xp 00000000 fc:00 7740372                    /usr/lib/jvm/java-8-oracle/jre/lib/amd64/libzip.so
7f0d32126000-7f0d32326000 ---p 0001a000 fc:00 7740372                    /usr/lib/jvm/java-8-oracle/jre/lib/amd64/libzip.so
7f0d32326000-7f0d32327000 rw-p 0001a000 fc:00 7740372                    /usr/lib/jvm/java-8-oracle/jre/lib/amd64/libzip.so
7f0d32327000-7f0d32332000 r-xp 00000000 fc:00 13501406                   /lib/x86_64-linux-gnu/libnss_files-2.19.so
7f0d32332000-7f0d32531000 ---p 0000b000 fc:00 13501406                   /lib/x86_64-linux-gnu/libnss_files-2.19.so
7f0d32531000-7f0d32532000 r--p 0000a000 fc:00 13501406                   /lib/x86_64-linux-gnu/libnss_files-2.19.so
7f0d32532000-7f0d32533000 rw-p 0000b000 fc:00 13501406                   /lib/x86_64-linux-gnu/libnss_files-2.19.so
7f0d32533000-7f0d3253e000 r-xp 00000000 fc:00 13501408                   /lib/x86_64-linux-gnu/libnss_nis-2.19.so
7f0d3253e000-7f0d3273d000 ---p 0000b000 fc:00 13501408                   /lib/x86_64-linux-gnu/libnss_nis-2.19.so
7f0d3273d000-7f0d3273e000 r--p 0000a000 fc:00 13501408                   /lib/x86_64-linux-gnu/libnss_nis-2.19.so
7f0d3273e000-7f0d3273f000 rw-p 0000b000 fc:00 13501408                   /lib/x86_64-linux-gnu/libnss_nis-2.19.so
7f0d3273f000-7f0d32756000 r-xp 00000000 fc:00 13500698                   /lib/x86_64-linux-gnu/libnsl-2.19.so
7f0d32756000-7f0d32955000 ---p 00017000 fc:00 13500698                   /lib/x86_64-linux-gnu/libnsl-2.19.so
7f0d32955000-7f0d32956000 r--p 00016000 fc:00 13500698                   /lib/x86_64-linux-gnu/libnsl-2.19.so
7f0d32956000-7f0d32957000 rw-p 00017000 fc:00 13500698                   /lib/x86_64-linux-gnu/libnsl-2.19.so
7f0d32957000-7f0d32959000 rw-p 00000000 00:00 0 
7f0d32959000-7f0d32962000 r-xp 00000000 fc:00 13500445                   /lib/x86_64-linux-gnu/libnss_compat-2.19.so
7f0d32962000-7f0d32b61000 ---p 00009000 fc:00 13500445                   /lib/x86_64-linux-gnu/libnss_compat-2.19.so
7f0d32b61000-7f0d32b62000 r--p 00008000 fc:00 13500445                   /lib/x86_64-linux-gnu/libnss_compat-2.19.so
7f0d32b62000-7f0d32b63000 rw-p 00009000 fc:00 13500445                   /lib/x86_64-linux-gnu/libnss_compat-2.19.so
7f0d32b63000-7f0d32b8d000 r-xp 00000000 fc:00 7740375                    /usr/lib/jvm/java-8-oracle/jre/lib/amd64/libjava.so
7f0d32b8d000-7f0d32d8d000 ---p 0002a000 fc:00 7740375                    /usr/lib/jvm/java-8-oracle/jre/lib/amd64/libjava.so
7f0d32d8d000-7f0d32d8f000 rw-p 0002a000 fc:00 7740375                    /usr/lib/jvm/java-8-oracle/jre/lib/amd64/libjava.so
7f0d32d8f000-7f0d32d9c000 r-xp 00000000 fc:00 7740329                    /usr/lib/jvm/java-8-oracle/jre/lib/amd64/libverify.so
7f0d32d9c000-7f0d32f9c000 ---p 0000d000 fc:00 7740329                    /usr/lib/jvm/java-8-oracle/jre/lib/amd64/libverify.so
7f0d32f9c000-7f0d32f9e000 rw-p 0000d000 fc:00 7740329                    /usr/lib/jvm/java-8-oracle/jre/lib/amd64/libverify.so
7f0d32f9e000-7f0d32fa5000 r-xp 00000000 fc:00 13500701                   /lib/x86_64-linux-gnu/librt-2.19.so
7f0d32fa5000-7f0d331a4000 ---p 00007000 fc:00 13500701                   /lib/x86_64-linux-gnu/librt-2.19.so
7f0d331a4000-7f0d331a5000 r--p 00006000 fc:00 13500701                   /lib/x86_64-linux-gnu/librt-2.19.so
7f0d331a5000-7f0d331a6000 rw-p 00007000 fc:00 13500701                   /lib/x86_64-linux-gnu/librt-2.19.so
7f0d331a6000-7f0d332ab000 r-xp 00000000 fc:00 13501352                   /lib/x86_64-linux-gnu/libm-2.19.so
7f0d332ab000-7f0d334aa000 ---p 00105000 fc:00 13501352                   /lib/x86_64-linux-gnu/libm-2.19.so
7f0d334aa000-7f0d334ab000 r--p 00104000 fc:00 13501352                   /lib/x86_64-linux-gnu/libm-2.19.so
7f0d334ab000-7f0d334ac000 rw-p 00105000 fc:00 13501352                   /lib/x86_64-linux-gnu/libm-2.19.so
7f0d334ac000-7f0d34116000 r-xp 00000000 fc:00 7740328                    /usr/lib/jvm/java-8-oracle/jre/lib/amd64/server/libjvm.so
7f0d34116000-7f0d34315000 ---p 00c6a000 fc:00 7740328                    /usr/lib/jvm/java-8-oracle/jre/lib/amd64/server/libjvm.so
7f0d34315000-7f0d343ec000 rw-p 00c69000 fc:00 7740328                    /usr/lib/jvm/java-8-oracle/jre/lib/amd64/server/libjvm.so
7f0d343ec000-7f0d3442e000 rw-p 00000000 00:00 0 
7f0d3442e000-7f0d345e9000 r-xp 00000000 fc:00 13500705                   /lib/x86_64-linux-gnu/libc-2.19.so
7f0d345e9000-7f0d347e9000 ---p 001bb000 fc:00 13500705                   /lib/x86_64-linux-gnu/libc-2.19.so
7f0d347e9000-7f0d347ed000 r--p 001bb000 fc:00 13500705                   /lib/x86_64-linux-gnu/libc-2.19.so
7f0d347ed000-7f0d347ef000 rw-p 001bf000 fc:00 13500705                   /lib/x86_64-linux-gnu/libc-2.19.so
7f0d347ef000-7f0d347f4000 rw-p 00000000 00:00 0 
7f0d347f4000-7f0d347f7000 r-xp 00000000 fc:00 13501438                   /lib/x86_64-linux-gnu/libdl-2.19.so
7f0d347f7000-7f0d349f6000 ---p 00003000 fc:00 13501438                   /lib/x86_64-linux-gnu/libdl-2.19.so
7f0d349f6000-7f0d349f7000 r--p 00002000 fc:00 13501438                   /lib/x86_64-linux-gnu/libdl-2.19.so
7f0d349f7000-7f0d349f8000 rw-p 00003000 fc:00 13501438                   /lib/x86_64-linux-gnu/libdl-2.19.so
7f0d349f8000-7f0d34a0d000 r-xp 00000000 fc:00 7481024                    /usr/lib/jvm/java-8-oracle/lib/amd64/jli/libjli.so
7f0d34a0d000-7f0d34c0c000 ---p 00015000 fc:00 7481024                    /usr/lib/jvm/java-8-oracle/lib/amd64/jli/libjli.so
7f0d34c0c000-7f0d34c0d000 rw-p 00014000 fc:00 7481024                    /usr/lib/jvm/java-8-oracle/lib/amd64/jli/libjli.so
7f0d34c0d000-7f0d34c26000 r-xp 00000000 fc:00 13501447                   /lib/x86_64-linux-gnu/libpthread-2.19.so
7f0d34c26000-7f0d34e25000 ---p 00019000 fc:00 13501447                   /lib/x86_64-linux-gnu/libpthread-2.19.so
7f0d34e25000-7f0d34e26000 r--p 00018000 fc:00 13501447                   /lib/x86_64-linux-gnu/libpthread-2.19.so
7f0d34e26000-7f0d34e27000 rw-p 00019000 fc:00 13501447                   /lib/x86_64-linux-gnu/libpthread-2.19.so
7f0d34e27000-7f0d34e2b000 rw-p 00000000 00:00 0 
7f0d34e2b000-7f0d34e4e000 r-xp 00000000 fc:00 13501346                   /lib/x86_64-linux-gnu/ld-2.19.so
7f0d34e4e000-7f0d34f1f000 rw-p 00000000 00:00 0 
7f0d34f1f000-7f0d34f22000 ---p 00000000 00:00 0 
7f0d34f22000-7f0d35024000 rw-p 00000000 00:00 0                          [stack:17959]
7f0d35024000-7f0d35028000 r--s 00034000 fc:00 8403962                    /home/antonkulaga/.sbt/boot/scala-2.10.4/org.scala-sbt/sbt/0.13.6-RC3/jsch-0.1.46.jar
7f0d35028000-7f0d3502b000 r--s 0001a000 fc:00 8403933                    /home/antonkulaga/.sbt/boot/scala-2.10.4/org.scala-sbt/sbt/0.13.6-RC3/cache-0.13.6-RC3.jar
7f0d3502b000-7f0d3502e000 r--s 00018000 fc:00 8409944                    /home/antonkulaga/.sbt/boot/scala-2.10.4/lib/jansi.jar
7f0d3502e000-7f0d35032000 r--s 00025000 fc:00 8409940                    /home/antonkulaga/.sbt/boot/scala-2.10.4/lib/jline.jar
7f0d35032000-7f0d35041000 rw-p 00000000 00:00 0 
7f0d35041000-7f0d35049000 rw-s 00000000 fc:00 11930728                   /tmp/hsperfdata_antonkulaga/17955
7f0d35049000-7f0d3504a000 rw-p 00000000 00:00 0 
7f0d3504a000-7f0d3504b000 ---p 00000000 00:00 0 
7f0d3504b000-7f0d3504d000 rw-p 00000000 00:00 0 
7f0d3504d000-7f0d3504e000 r--p 00022000 fc:00 13501346                   /lib/x86_64-linux-gnu/ld-2.19.so
7f0d3504e000-7f0d3504f000 rw-p 00023000 fc:00 13501346                   /lib/x86_64-linux-gnu/ld-2.19.so
7f0d3504f000-7f0d35050000 rw-p 00000000 00:00 0 
7fff90cf4000-7fff90d15000 rw-p 00000000 00:00 0                          [stack]
7fff90d8e000-7fff90d90000 r-xp 00000000 00:00 0                          [vdso]
ffffffffff600000-ffffffffff601000 r-xp 00000000 00:00 0                  [vsyscall]

VM Arguments:
jvm_args: -Djline.terminal=jline.UnsupportedTerminal -Dsbt.log.noformat=true -Xmx768M -XX:MaxPermSize=384M -Dplay.version=2.2.1 
java_command: /home/antonkulaga/.IntelliJIdea14/config/plugins/Scala/launcher/sbt-launch.jar < /tmp/sbt-commands0.lst
java_class_path (initial): /home/antonkulaga/.IntelliJIdea14/config/plugins/Scala/launcher/sbt-launch.jar
Launcher Type: SUN_STANDARD

Environment Variables:
JAVA_HOME=/usr/lib/jvm/java-8-oracle
CLASSPATH=/home/antonkulaga/Soft/idea-IU-138.1980.1/bin/../lib/bootstrap.jar:/home/antonkulaga/Soft/idea-IU-138.1980.1/bin/../lib/extensions.jar:/home/antonkulaga/Soft/idea-IU-138.1980.1/bin/../lib/util.jar:/home/antonkulaga/Soft/idea-IU-138.1980.1/bin/../lib/jdom.jar:/home/antonkulaga/Soft/idea-IU-138.1980.1/bin/../lib/log4j.jar:/home/antonkulaga/Soft/idea-IU-138.1980.1/bin/../lib/trove4j.jar:/home/antonkulaga/Soft/idea-IU-138.1980.1/bin/../lib/jna.jar:/usr/lib/jvm/java-8-oracle/lib/tools.jar
PATH=/usr/local/sbin:/usr/local/bin:/usr/sbin:/usr/bin:/sbin:/bin:/usr/games:/usr/local/games:/usr/lib/jvm/java-8-oracle/bin:/usr/lib/jvm/java-8-oracle/db/bin:/usr/lib/jvm/java-8-oracle/jre/bin
LD_LIBRARY_PATH=/home/antonkulaga/Soft/idea-IU-138.1980.1/bin:
SHELL=/bin/bash
DISPLAY=:0.0

Signal Handlers:
SIGSEGV: [libjvm.so+0xa77530], sa_mask[0]=11111111011111111101111111111110, sa_flags=SA_RESTART|SA_SIGINFO
SIGBUS: [libjvm.so+0xa77530], sa_mask[0]=11111111011111111101111111111110, sa_flags=SA_RESTART|SA_SIGINFO
SIGFPE: [libjvm.so+0x8e1d90], sa_mask[0]=11111111011111111101111111111110, sa_flags=SA_RESTART|SA_SIGINFO
SIGPIPE: [libjvm.so+0x8e1d90], sa_mask[0]=11111111011111111101111111111110, sa_flags=SA_RESTART|SA_SIGINFO
SIGXFSZ: [libjvm.so+0x8e1d90], sa_mask[0]=11111111011111111101111111111110, sa_flags=SA_RESTART|SA_SIGINFO
SIGILL: [libjvm.so+0x8e1d90], sa_mask[0]=11111111011111111101111111111110, sa_flags=SA_RESTART|SA_SIGINFO
SIGUSR1: SIG_DFL, sa_mask[0]=00000000000000000000000000000000, sa_flags=none
SIGUSR2: [libjvm.so+0x8e35c0], sa_mask[0]=00100000000000000000000000000000, sa_flags=SA_RESTART|SA_SIGINFO
SIGHUP: [libjvm.so+0x8e4980], sa_mask[0]=11111111011111111101111111111110, sa_flags=SA_RESTART|SA_SIGINFO
SIGINT: [libjvm.so+0x8e4980], sa_mask[0]=11111111011111111101111111111110, sa_flags=SA_RESTART|SA_SIGINFO
SIGTERM: [libjvm.so+0x8e4980], sa_mask[0]=11111111011111111101111111111110, sa_flags=SA_RESTART|SA_SIGINFO
SIGQUIT: [libjvm.so+0x8e4980], sa_mask[0]=11111111011111111101111111111110, sa_flags=SA_RESTART|SA_SIGINFO


---------------  S Y S T E M  ---------------

OS:DISTRIB_ID=Ubuntu
DISTRIB_RELEASE=14.04
DISTRIB_CODENAME=trusty
DISTRIB_DESCRIPTION="Ubuntu 14.04.1 LTS"

uname:Linux 3.13.0-35-generic #62-Ubuntu SMP Fri Aug 15 01:58:42 UTC 2014 x86_64
libc:glibc 2.19 NPTL 2.19 
rlimit: STACK 8192k, CORE 0k, NPROC 62290, NOFILE 4096, AS infinity
load average:21.65 9.60 5.78

/proc/meminfo:
MemTotal:        8053116 kB
MemFree:          102172 kB
Buffers:             352 kB
Cached:           436868 kB
SwapCached:         9668 kB
Active:          6307120 kB
Inactive:        1261888 kB
Active(anon):    6293988 kB
Inactive(anon):  1249332 kB
Active(file):      13132 kB
Inactive(file):    12556 kB
Unevictable:        1088 kB
Mlocked:            1088 kB
SwapTotal:       8265724 kB
SwapFree:              0 kB
Dirty:                 0 kB
Writeback:             0 kB
AnonPages:       7124728 kB
Mapped:            32984 kB
Shmem:            411340 kB
Slab:             109644 kB
SReclaimable:      53108 kB
SUnreclaim:        56536 kB
KernelStack:       10688 kB
PageTables:       108712 kB
NFS_Unstable:          0 kB
Bounce:                0 kB
WritebackTmp:          0 kB
CommitLimit:    12292280 kB
Committed_AS:   25579912 kB
VmallocTotal:   34359738367 kB
VmallocUsed:      360184 kB
VmallocChunk:   34359367856 kB
HardwareCorrupted:     0 kB
AnonHugePages:   2310144 kB
HugePages_Total:       0
HugePages_Free:        0
HugePages_Rsvd:        0
HugePages_Surp:        0
Hugepagesize:       2048 kB
DirectMap4k:       63228 kB
DirectMap2M:     8202240 kB


CPU:total 4 (2 cores per cpu, 2 threads per core) family 6 model 58 stepping 9, cmov, cx8, fxsr, mmx, sse, sse2, sse3, ssse3, sse4.1, sse4.2, popcnt, avx, aes, clmul, erms, ht, tsc, tscinvbit, tscinv

/proc/cpuinfo:
processor	: 0
vendor_id	: GenuineIntel
cpu family	: 6
model		: 58
model name	: Intel(R) Core(TM) i7-3517U CPU @ 1.90GHz
stepping	: 9
microcode	: 0x15
cpu MHz		: 1900.000
cache size	: 4096 KB
physical id	: 0
siblings	: 4
core id		: 0
cpu cores	: 2
apicid		: 0
initial apicid	: 0
fpu		: yes
fpu_exception	: yes
cpuid level	: 13
wp		: yes
flags		: fpu vme de pse tsc msr pae mce cx8 apic sep mtrr pge mca cmov pat pse36 clflush dts acpi mmx fxsr sse sse2 ss ht tm pbe syscall nx rdtscp lm constant_tsc arch_perfmon pebs bts rep_good nopl xtopology nonstop_tsc aperfmperf eagerfpu pni pclmulqdq dtes64 monitor ds_cpl vmx est tm2 ssse3 cx16 xtpr pdcm pcid sse4_1 sse4_2 x2apic popcnt tsc_deadline_timer aes xsave avx f16c rdrand lahf_lm ida arat epb xsaveopt pln pts dtherm tpr_shadow vnmi flexpriority ept vpid fsgsbase smep erms
bogomips	: 4789.12
clflush size	: 64
cache_alignment	: 64
address sizes	: 36 bits physical, 48 bits virtual
power management:

processor	: 1
vendor_id	: GenuineIntel
cpu family	: 6
model		: 58
model name	: Intel(R) Core(TM) i7-3517U CPU @ 1.90GHz
stepping	: 9
microcode	: 0x15
cpu MHz		: 1900.000
cache size	: 4096 KB
physical id	: 0
siblings	: 4
core id		: 0
cpu cores	: 2
apicid		: 1
initial apicid	: 1
fpu		: yes
fpu_exception	: yes
cpuid level	: 13
wp		: yes
flags		: fpu vme de pse tsc msr pae mce cx8 apic sep mtrr pge mca cmov pat pse36 clflush dts acpi mmx fxsr sse sse2 ss ht tm pbe syscall nx rdtscp lm constant_tsc arch_perfmon pebs bts rep_good nopl xtopology nonstop_tsc aperfmperf eagerfpu pni pclmulqdq dtes64 monitor ds_cpl vmx est tm2 ssse3 cx16 xtpr pdcm pcid sse4_1 sse4_2 x2apic popcnt tsc_deadline_timer aes xsave avx f16c rdrand lahf_lm ida arat epb xsaveopt pln pts dtherm tpr_shadow vnmi flexpriority ept vpid fsgsbase smep erms
bogomips	: 4789.12
clflush size	: 64
cache_alignment	: 64
address sizes	: 36 bits physical, 48 bits virtual
power management:

processor	: 2
vendor_id	: GenuineIntel
cpu family	: 6
model		: 58
model name	: Intel(R) Core(TM) i7-3517U CPU @ 1.90GHz
stepping	: 9
microcode	: 0x15
cpu MHz		: 1900.000
cache size	: 4096 KB
physical id	: 0
siblings	: 4
core id		: 1
cpu cores	: 2
apicid		: 2
initial apicid	: 2
fpu		: yes
fpu_exception	: yes
cpuid level	: 13
wp		: yes
flags		: fpu vme de pse tsc msr pae mce cx8 apic sep mtrr pge mca cmov pat pse36 clflush dts acpi mmx fxsr sse sse2 ss ht tm pbe syscall nx rdtscp lm constant_tsc arch_perfmon pebs bts rep_good nopl xtopology nonstop_tsc aperfmperf eagerfpu pni pclmulqdq dtes64 monitor ds_cpl vmx est tm2 ssse3 cx16 xtpr pdcm pcid sse4_1 sse4_2 x2apic popcnt tsc_deadline_timer aes xsave avx f16c rdrand lahf_lm ida arat epb xsaveopt pln pts dtherm tpr_shadow vnmi flexpriority ept vpid fsgsbase smep erms
bogomips	: 4789.12
clflush size	: 64
cache_alignment	: 64
address sizes	: 36 bits physical, 48 bits virtual
power management:

processor	: 3
vendor_id	: GenuineIntel
cpu family	: 6
model		: 58
model name	: Intel(R) Core(TM) i7-3517U CPU @ 1.90GHz
stepping	: 9
microcode	: 0x15
cpu MHz		: 1900.000
cache size	: 4096 KB
physical id	: 0
siblings	: 4
core id		: 1
cpu cores	: 2
apicid		: 3
initial apicid	: 3
fpu		: yes
fpu_exception	: yes
cpuid level	: 13
wp		: yes
flags		: fpu vme de pse tsc msr pae mce cx8 apic sep mtrr pge mca cmov pat pse36 clflush dts acpi mmx fxsr sse sse2 ss ht tm pbe syscall nx rdtscp lm constant_tsc arch_perfmon pebs bts rep_good nopl xtopology nonstop_tsc aperfmperf eagerfpu pni pclmulqdq dtes64 monitor ds_cpl vmx est tm2 ssse3 cx16 xtpr pdcm pcid sse4_1 sse4_2 x2apic popcnt tsc_deadline_timer aes xsave avx f16c rdrand lahf_lm ida arat epb xsaveopt pln pts dtherm tpr_shadow vnmi flexpriority ept vpid fsgsbase smep erms
bogomips	: 4789.12
clflush size	: 64
cache_alignment	: 64
address sizes	: 36 bits physical, 48 bits virtual
power management:



Memory: 4k page, physical 8053116k(102172k free), swap 8265724k(0k free)

vm_info: Java HotSpot(TM) 64-Bit Server VM (25.20-b23) for linux-amd64 JRE (1.8.0_20-b26), built on Jul 30 2014 13:13:52 by "java_re" with gcc 4.3.0 20080428 (Red Hat 4.3.0-8)

time: Fri Sep 12 05:23:40 2014
elapsed time: 84 seconds (0d 0h 1m 24s)

